<?xml version="1.0" encoding="UTF-8"?>
<!-- Generated by org.testng.reporters.JUnitXMLReporter -->
<testsuite ignored="0" hostname="AkshayAathale" failures="0" tests="3" name="Default test" time="0.134" errors="0" timestamp="2025-05-22T15:59:00 IST">
  <testcase classname="AutomationFramework.Class1" name="n1" time="0.033"/>
  <testcase classname="AutomationFramework.Class1" name="n2" time="0.004"/>
  <testcase classname="AutomationFramework.Class1" name="n3" time="0.002"/>
</testsuite> <!-- Default test -->
