<?xml version="1.0" encoding="UTF-8"?>
<!-- Generated by org.testng.reporters.JUnitXMLReporter -->
<testsuite ignored="6" hostname="AkshayAathale" failures="0" tests="0" time="0.023" errors="0" timestamp="2025-04-30T16:19:26 IST">
  <testcase classname="AutomationFramework.Class1" name="n3" time="0.0">
    <ignored/>
  </testcase> <!-- n3 -->
  <testcase classname="AutomationFramework.Class2" name="m1" time="0.0">
    <ignored/>
  </testcase> <!-- m1 -->
  <testcase classname="AutomationFramework.Class2" name="m3" time="0.0">
    <ignored/>
  </testcase> <!-- m3 -->
  <testcase classname="AutomationFramework.Class1" name="n2" time="0.0">
    <ignored/>
  </testcase> <!-- n2 -->
  <testcase classname="AutomationFramework.Class2" name="m2" time="0.0">
    <ignored/>
  </testcase> <!-- m2 -->
  <testcase classname="AutomationFramework.Class1" name="n1" time="0.0">
    <ignored/>
  </testcase> <!-- n1 -->
</testsuite>
