<?xml version="1.0" encoding="UTF-8"?>
<testng-results ignored="0" total="3" passed="3" failed="0" skipped="0">
  <reporter-output>
  </reporter-output>
  <suite started-at="2025-05-22T15:58:59 IST" name="Default suite" finished-at="2025-05-22T15:58:59 IST" duration-ms="134">
    <groups>
    </groups>
    <test started-at="2025-05-22T15:58:59 IST" name="Default test" finished-at="2025-05-22T15:58:59 IST" duration-ms="134">
      <class name="AutomationFramework.Class1">
        <test-method signature="n1()[pri:1, instance:AutomationFramework.Class1@7ec7ffd3]" started-at="2025-05-22T15:58:59 IST" name="n1" finished-at="2025-05-22T15:58:59 IST" duration-ms="33" status="PASS">
          <reporter-output>
          </reporter-output>
        </test-method> <!-- n1 -->
        <test-method signature="n2()[pri:2, instance:AutomationFramework.Class1@7ec7ffd3]" started-at="2025-05-22T15:58:59 IST" name="n2" finished-at="2025-05-22T15:58:59 IST" duration-ms="4" status="PASS">
          <reporter-output>
          </reporter-output>
        </test-method> <!-- n2 -->
        <test-method signature="n3()[pri:3, instance:AutomationFramework.Class1@7ec7ffd3]" started-at="2025-05-22T15:58:59 IST" name="n3" finished-at="2025-05-22T15:58:59 IST" duration-ms="2" status="PASS">
          <reporter-output>
          </reporter-output>
        </test-method> <!-- n3 -->
      </class> <!-- AutomationFramework.Class1 -->
    </test> <!-- Default test -->
  </suite> <!-- Default suite -->
</testng-results>
