<?xml version="1.0" encoding="UTF-8"?>
<!-- Generated by org.testng.reporters.JUnitXMLReporter -->
<testsuite ignored="0" hostname="DESKTOP-47L2K3M" failures="1" tests="1" name="SeleniumTestNG(failed)" time="0.075" errors="0" timestamp="2021-06-06T12:43:19 IST">
  <testcase classname="TipsandTricks.Listner" name="method" time="0.014">
    <failure type="java.lang.AssertionError" message="expected [true] but found [false]">
      <![CDATA[java.lang.AssertionError: expected [true] but found [false]
at TipsandTricks.Listner.method(Listner.java:11)
at java.base/java.util.ArrayList.forEach(ArrayList.java:1511)
... Removed 31 stack frames]]>
    </failure>
  </testcase> <!-- method -->
</testsuite> <!-- SeleniumTestNG(failed) -->
